\BOOKMARK [0][-]{chapter*.5}{\376\377\000A\000c\000k\000n\000o\000w\000l\000e\000d\000g\000m\000e\000n\000t\000s}{}% 1
\BOOKMARK [0][-]{chapter*.6}{\376\377\000D\000e\000c\000l\000a\000r\000a\000t\000i\000o\000n}{}% 2
\BOOKMARK [0][-]{chapter*.7}{\376\377\000A\000b\000s\000t\000r\000a\000c\000t}{}% 3
\BOOKMARK [0][-]{chapter*.8}{\376\377\000S\000u\000m\000m\000a\000r\000y}{}% 4
\BOOKMARK [0][-]{chapter*.9}{\376\377\000A\000b\000b\000r\000e\000v\000i\000a\000t\000i\000o\000n\000s}{}% 5
\BOOKMARK [0][-]{chapter*.10}{\376\377\000I\000:\000\040\000I\000n\000t\000r\000o\000d\000u\000c\000t\000i\000o\000n}{}% 6
\BOOKMARK [1][-]{section.0.1}{\376\377\000M\000o\000t\000i\000v\000a\000t\000i\000o\000n}{chapter*.10}% 7
\BOOKMARK [1][-]{section.0.2}{\376\377\000P\000r\000o\000b\000l\000e\000m\000\040\000S\000t\000a\000t\000e\000m\000e\000n\000t\000\040\000\046\000\040\000O\000b\000j\000e\000c\000t\000i\000v\000e\000s}{chapter*.10}% 8
\BOOKMARK [1][-]{section.0.3}{\376\377\000D\000e\000l\000i\000m\000i\000t\000a\000t\000i\000o\000n\000s}{chapter*.10}% 9
\BOOKMARK [1][-]{section.0.4}{\376\377\000R\000e\000s\000e\000a\000r\000c\000h\000\040\000Q\000u\000e\000s\000t\000i\000o\000n\000s\000\040\000\046\000\040\000M\000e\000t\000h\000o\000d\000o\000l\000o\000g\000y}{chapter*.10}% 10
\BOOKMARK [1][-]{section.0.5}{\376\377\000T\000h\000e\000s\000i\000s\000\040\000O\000u\000t\000l\000i\000n\000e}{chapter*.10}% 11
\BOOKMARK [0][-]{chapter.1}{\376\377\000I\000I\000:\000\040\000A\000D\000R\000I\000A\000N\000A\000\040\000\050\000P\000r\000e\000l\000i\000m\000i\000n\000a\000r\000i\000e\000s\000\051}{}% 12
\BOOKMARK [0][-]{chapter.1}{\376\377\000I\000I\000:\000\040\000A\000D\000R\000I\000A\000N\000A}{}% 13
\BOOKMARK [1][-]{section.1.1}{\376\377\000T\000a\000x\000o\000n\000o\000m\000y\000\040\000o\000f\000\040\000D\000r\000i\000v\000i\000n\000g\000\040\000A\000u\000t\000o\000m\000a\000t\000i\000o\000n}{chapter.1}% 14
\BOOKMARK [2][-]{subsection.1.1.1}{\376\377\000L\000e\000v\000e\000l\000\040\0000\000\040\000\050\000U\000n\000i\000f\000i\000e\000d\000\040\000D\000i\000a\000g\000n\000o\000s\000t\000i\000c\000\040\000S\000e\000r\000v\000i\000c\000e\000s\000\051}{section.1.1}% 15
\BOOKMARK [2][-]{subsection.1.1.2}{\376\377\000U\000D\000S\000\040\000\050\000U\000n\000i\000f\000i\000e\000d\000\040\000D\000i\000a\000g\000n\000o\000s\000t\000i\000c\000\040\000S\000e\000r\000v\000i\000c\000e\000s\000\051}{section.1.1}% 16
\BOOKMARK [2][-]{subsection.1.1.3}{\376\377\000U\000D\000S\000\040\000\050\000U\000n\000i\000f\000i\000e\000d\000\040\000D\000i\000a\000g\000n\000o\000s\000t\000i\000c\000\040\000S\000e\000r\000v\000i\000c\000e\000s\000\051}{section.1.1}% 17
\BOOKMARK [2][-]{subsection.1.1.4}{\376\377\000U\000D\000S\000\040\000\050\000U\000n\000i\000f\000i\000e\000d\000\040\000D\000i\000a\000g\000n\000o\000s\000t\000i\000c\000\040\000S\000e\000r\000v\000i\000c\000e\000s\000\051}{section.1.1}% 18
\BOOKMARK [2][-]{subsection.1.1.5}{\376\377\000U\000D\000S\000\040\000\050\000U\000n\000i\000f\000i\000e\000d\000\040\000D\000i\000a\000g\000n\000o\000s\000t\000i\000c\000\040\000S\000e\000r\000v\000i\000c\000e\000s\000\051}{section.1.1}% 19
\BOOKMARK [2][-]{subsection.1.1.6}{\376\377\000U\000D\000S\000\040\000\050\000U\000n\000i\000f\000i\000e\000d\000\040\000D\000i\000a\000g\000n\000o\000s\000t\000i\000c\000\040\000S\000e\000r\000v\000i\000c\000e\000s\000\051}{section.1.1}% 20
\BOOKMARK [1][-]{section.1.2}{\376\377\000I\000n\000t\000e\000r\000n\000a\000l\000\040\000N\000e\000t\000w\000o\000r\000k\000s}{chapter.1}% 21
\BOOKMARK [1][-]{section.1.3}{\376\377\000C\000o\000n\000t\000r\000o\000l\000l\000e\000r\000\040\000A\000r\000e\000a\000\040\000N\000e\000t\000w\000o\000r\000k\000\040\000\050\000C\000A\000N\000\051}{chapter.1}% 22
\BOOKMARK [2][-]{subsection.1.3.1}{\376\377\000J\0001\0009\0003\0009}{section.1.3}% 23
\BOOKMARK [2][-]{subsection.1.3.2}{\376\377\000O\000B\000D\0002}{section.1.3}% 24
\BOOKMARK [2][-]{subsection.1.3.3}{\376\377\000L\000I\000N\000\040\000\050\000L\000o\000c\000a\000l\000\040\000I\000n\000t\000e\000r\000c\000o\000n\000n\000e\000c\000t\000\040\000N\000e\000t\000w\000o\000r\000k\000\051}{section.1.3}% 25
\BOOKMARK [2][-]{subsection.1.3.4}{\376\377\000U\000D\000S\000\040\000\050\000U\000n\000i\000f\000i\000e\000d\000\040\000D\000i\000a\000g\000n\000o\000s\000t\000i\000c\000\040\000S\000e\000r\000v\000i\000c\000e\000s\000\051}{section.1.3}% 26
\BOOKMARK [1][-]{section.1.4}{\376\377\000C\000A\000N\000\040\000B\000u\000s\000\040\000E\000r\000r\000o\000r\000s}{chapter.1}% 27
\BOOKMARK [1][-]{section.1.5}{\376\377\000D\000a\000t\000a\000\040\000M\000a\000n\000i\000p\000u\000l\000a\000t\000i\000o\000n\000\040\000\046\000\040\000S\000e\000c\000u\000r\000i\000t\000y}{chapter.1}% 28
\BOOKMARK [0][-]{chapter.2}{\376\377\000I\000I\000I\000:\000\040\000B\000E\000A\000T\000R\000I\000X\000\040\000\050\000T\000e\000s\000t\000i\000n\000g\000\040\000S\000y\000s\000t\000e\000m\000\040\000R\000e\000q\000u\000i\000r\000e\000m\000e\000n\000t\000s\000\051}{}% 29
\BOOKMARK [0][-]{chapter.2}{\376\377\000I\000I\000I\000:\000\040\000B\000E\000A\000T\000R\000I\000X}{}% 30
\BOOKMARK [1][-]{section.2.1}{\376\377\000S\000o\000f\000t\000w\000a\000r\000e\000\040\000R\000e\000q\000u\000i\000r\000e\000m\000e\000n\000t\000s}{chapter.2}% 31
\BOOKMARK [1][-]{section.2.2}{\376\377\000H\000a\000r\000d\000w\000a\000r\000e\000\040\000R\000e\000q\000u\000i\000r\000e\000m\000e\000n\000t\000s}{chapter.2}% 32
\BOOKMARK [0][-]{chapter.3}{\376\377\000I\000V\000:\000\040\000C\000A\000L\000E\000D\000O\000N\000I\000A}{}% 33
\BOOKMARK [0][-]{chapter.3}{\376\377\000I\000V\000:\000\040\000C\000A\000L\000E\000D\000O\000N\000I\000A}{}% 34
\BOOKMARK [1][-]{section.3.1}{\376\377\000U\000t\000\040\000e\000n\000i\000m\000\040\000a\000d\000\040\000m\000i\000n\000i\000m\000\040\000v\000e\000n\000i\000a\000m}{chapter.3}% 35
\BOOKMARK [0][-]{chapter.4}{\376\377\000V\000:\000\040\000D\000E\000L\000O\000R\000E\000S}{}% 36
\BOOKMARK [0][-]{chapter.4}{\376\377\000V\000:\000\040\000D\000E\000L\000O\000R\000E\000S}{}% 37
\BOOKMARK [1][-]{section.4.1}{\376\377\000U\000t\000\040\000e\000n\000i\000m\000\040\000a\000d\000\040\000m\000i\000n\000i\000m\000\040\000v\000e\000n\000i\000a\000m}{chapter.4}% 38
\BOOKMARK [0][-]{chapter.5}{\376\377\000V\000I\000:\000\040\000R\000E\000S\000U\000L\000T\000S}{}% 39
\BOOKMARK [0][-]{chapter.5}{\376\377\000V\000I\000:\000\040\000R\000E\000S\000U\000L\000T\000S}{}% 40
\BOOKMARK [1][-]{section.5.1}{\376\377\000U\000t\000\040\000e\000n\000i\000m\000\040\000a\000d\000\040\000m\000i\000n\000i\000m\000\040\000v\000e\000n\000i\000a\000m}{chapter.5}% 41
\BOOKMARK [1][-]{section.5.2}{\376\377\000U\000t\000\040\000e\000n\000i\000m\000\040\000a\000d\000\040\000m\000i\000n\000i\000m\000\040\000v\000e\000n\000i\000a\000m}{chapter.5}% 42
\BOOKMARK [2][-]{subsection.5.2.1}{\376\377\000U\000t\000\040\000e\000n\000i\000m\000\040\000a\000d\000\040\000m\000i\000n\000i\000m\000\040\000v\000e\000n\000i\000a\000m}{section.5.2}% 43
\BOOKMARK [1][-]{section.5.3}{\376\377\000C\000l\000a\000s\000s\000\040\000a\000p\000t\000e\000n\000t\000\040\000t\000a\000c\000i\000t\000i}{chapter.5}% 44
\BOOKMARK [2][-]{subsection.5.3.1}{\376\377\000C\000l\000a\000s\000s\000\040\000a\000p\000t\000e\000n\000t\000\040\000t\000a\000c\000i\000t\000i}{section.5.3}% 45
\BOOKMARK [1][-]{section.5.4}{\376\377\000U\000t\000\040\000e\000n\000i\000m\000\040\000a\000d\000\040\000m\000i\000n\000i\000m\000\040\000v\000e\000n\000i\000a\000m\000,\000\040\000q\000u\000i\000s\000\040\000n\000o\000s\000t\000r\000u\000d}{chapter.5}% 46
\BOOKMARK [2][-]{subsection.5.4.1}{\376\377\000U\000t\000\040\000e\000n\000i\000m\000\040\000a\000d\000\040\000m\000i\000n\000i\000m\000\040\000v\000e\000n\000i\000a\000m\000,\000\040\000q\000u\000i\000s\000\040\000n\000o\000s\000t\000r\000u\000d}{section.5.4}% 47
\BOOKMARK [2][-]{subsection.5.4.2}{\376\377\000C\000l\000a\000s\000s\000\040\000a\000p\000t\000e\000n\000t\000\040\000t\000a\000c\000i\000t\000i\000\040\000s\000o\000c\000i\000o\000s\000q\000u}{section.5.4}% 48
\BOOKMARK [0][-]{chapter.6}{\376\377\000L\000o\000r\000e\000m\000\040\000i\000p\000s\000u\000m}{}% 49
\BOOKMARK [1][-]{section.6.1}{\376\377\000D\000o\000n\000e\000c\000\040\000o\000d\000i\000o\000\040\000t\000e\000m\000p\000u\000s\000\040\000m\000o\000l\000e\000s\000t\000i\000e}{chapter.6}% 50
\BOOKMARK [2][-]{subsection.6.1.1}{\376\377\000C\000l\000a\000s\000s\000\040\000a\000p\000t\000e\000n\000t\000\040\000t\000a\000c\000i\000t\000i}{section.6.1}% 51
\BOOKMARK [1][-]{section.6.2}{\376\377\000L\000o\000r\000e\000m\000\040\000i\000p\000s\000u\000m\000\040\000d\000o\000l\000o\000r\000\040\000s\000i\000t\000\040\000a\000m\000e\000t}{chapter.6}% 52
\BOOKMARK [0][-]{appendix.A}{\376\377\000N\001\033\000j\000a\000k\000\341\000\040\000p\001\131\000\355\000l\000o\000h\000a}{}% 53
\BOOKMARK [0][-]{appendix*.15}{\376\377\000O\000b\000s\000a\000h\000\040\000p\001\131\000i\000l\000o\001\176\000e\000n\000\351\000h\000o\000\040\000m\000\351\000d\000i\000a}{}% 54
